<?xml version="1.0" encoding="UTF-8"?>
<!-- Generated by org.testng.reporters.JUnitReportReporter -->
<testsuite skipped="0" hostname="WINVA185060-0WA" name="FirstTest" tests="1" failures="0" timestamp="06 Feb 2020 11:26:41 GMT" time="12.048" errors="0">
  <testcase name="firstTest" time="12.048" classname="FirstTest"/>
</testsuite> <!-- FirstTest -->
